<?xml version="1.0" encoding="UTF-8"?>
<testng-results ignored="0" total="1" passed="1" failed="0" skipped="0">
  <reporter-output>
  </reporter-output>
  <suite started-at="2022-01-22T18:20:51 GMT" name="Surefire suite" finished-at="2022-01-22T18:21:09 GMT" duration-ms="17991">
    <groups>
    </groups>
    <test started-at="2022-01-22T18:20:51 GMT" name="Surefire test" finished-at="2022-01-22T18:21:09 GMT" duration-ms="17991">
      <class name="tests.LoginTest">
        <test-method is-config="true" signature="openApplication()[pri:0, instance:tests.LoginTest@49e5f737]" started-at="2022-01-22T18:20:51 GMT" name="openApplication" finished-at="2022-01-22T18:21:04 GMT" duration-ms="12529" status="PASS">
          <reporter-output>
          </reporter-output>
        </test-method> <!-- openApplication -->
        <test-method signature="login(java.lang.String,java.lang.String,java.lang.String)[pri:0, instance:tests.LoginTest@49e5f737]" started-at="2022-01-22T18:21:04 GMT" name="login" data-provider="getLoginData" finished-at="2022-01-22T18:21:09 GMT" duration-ms="5110" status="PASS">
          <params>
            <param index="0">
              <value>
                <![CDATA[srknt.sahu90@yahoo.com]]>
              </value>
            </param>
            <param index="1">
              <value>
                <![CDATA[12345]]>
              </value>
            </param>
            <param index="2">
              <value>
                <![CDATA[successful]]>
              </value>
            </param>
          </params>
          <reporter-output>
          </reporter-output>
        </test-method> <!-- login -->
        <test-method is-config="true" signature="closure()[pri:0, instance:tests.LoginTest@49e5f737]" started-at="2022-01-22T18:21:09 GMT" name="closure" finished-at="2022-01-22T18:21:09 GMT" duration-ms="295" status="PASS">
          <reporter-output>
          </reporter-output>
        </test-method> <!-- closure -->
      </class> <!-- tests.LoginTest -->
    </test> <!-- Surefire test -->
  </suite> <!-- Surefire suite -->
</testng-results>
